#-----------------------------------------------------------
# PlanAhead v14.7 (64-bit)
# Build 321239 by xbuild on Fri Sep 27 19:29:51 MDT 2013
# Start of session at: Thu Nov 19 17:13:33 2020
# Process ID: 7564
# Log file: C:/Users/prestamo/Desktop/Nueva carpeta/ControlServoMotor/LabSemana15/planAhead_run_3/planAhead.log
# Journal file: C:/Users/prestamo/Desktop/Nueva carpeta/ControlServoMotor/LabSemana15/planAhead_run_3/planAhead.jou
#-----------------------------------------------------------
INFO: [Common 17-78] Attempting to get a license: PlanAhead
INFO: [Common 17-290] Got license for PlanAhead
INFO: [Common 17-86] Your PlanAhead license expires in -2515 day(s)
INFO: [Device 21-36] Loading parts and site information from C:/Xilinx/14.7/ISE_DS/PlanAhead/data/parts/arch.xml
Parsing RTL primitives file [C:/Xilinx/14.7/ISE_DS/PlanAhead/data/parts/xilinx/rtl/prims/rtl_prims.xml]
Finished parsing RTL primitives file [C:/Xilinx/14.7/ISE_DS/PlanAhead/data/parts/xilinx/rtl/prims/rtl_prims.xml]
start_gui
source {C:/Users/prestamo/Desktop/Nueva carpeta/ControlServoMotor/LabSemana15/pa.fromNetlist.tcl}
# create_project -name LabSemana15 -dir "C:/Users/prestamo/Desktop/Nueva carpeta/ControlServoMotor/LabSemana15/planAhead_run_3" -part xc3s500efg320-4
# set_property design_mode GateLvl [get_property srcset [current_run -impl]]
INFO: [Common 17-41] Interrupt caught. Command should exit soon.
INFO: [Common 17-344] 'source' was cancelled
