
****** PlanAhead v14.7 (64-bit)
  **** Build 321239 by xbuild on Fri Sep 27 19:29:51 MDT 2013
    ** Copyright 1986-1999, 2001-2013 Xilinx, Inc. All Rights Reserved.

INFO: [Common 17-78] Attempting to get a license: PlanAhead
INFO: [Common 17-290] Got license for PlanAhead
INFO: [Common 17-86] Your PlanAhead license expires in -2515 day(s)
INFO: [Device 21-36] Loading parts and site information from C:/Xilinx/14.7/ISE_DS/PlanAhead/data/parts/arch.xml
Parsing RTL primitives file [C:/Xilinx/14.7/ISE_DS/PlanAhead/data/parts/xilinx/rtl/prims/rtl_prims.xml]
Finished parsing RTL primitives file [C:/Xilinx/14.7/ISE_DS/PlanAhead/data/parts/xilinx/rtl/prims/rtl_prims.xml]
start_gui
source {C:/Users/prestamo/Desktop/Nueva carpeta/ControlServoMotor/LabSemana15/pa.fromHdl.tcl}
# create_project -name LabSemana15 -dir "C:/Users/prestamo/Desktop/Nueva carpeta/ControlServoMotor/LabSemana15/planAhead_run_2" -part xc3s500efg320-4
# set_param project.pinAheadLayout yes
# set srcset [get_property srcset [current_run -impl]]
# set_property target_constrs_file "CircuitoVojabes.ucf" [current_fileset -constrset]
Adding file 'C:/Users/prestamo/Desktop/Nueva carpeta/ControlServoMotor/LabSemana15/CircuitoVojabes.ucf' to fileset 'constrs_1'
# set hdlfile [add_files [list {Maquina_Estado.vhd}]]
# set_property file_type VHDL $hdlfile
# set_property library work $hdlfile
# set hdlfile [add_files [list {debounce.vhd}]]
# set_property file_type VHDL $hdlfile
# set_property library work $hdlfile
# set hdlfile [add_files [list {clk_div.vhd}]]
# set_property file_type VHDL $hdlfile
# set_property library work $hdlfile
# set hdlfile [add_files [list {CircuitoVojabes.vhf}]]
# set_property file_type VHDL $hdlfile
# set_property library work $hdlfile
# set_property top CircuitoVojabes $srcset
# add_files [list {CircuitoVojabes.ucf}] -fileset [get_property constrset [current_run]]
# open_rtl_design -part xc3s500efg320-4
Using Verific elaboration
Parsing VHDL file "C:/Xilinx/14.7/ISE_DS/PlanAhead/data/parts/xilinx/rtl/lib/synplify/synattr.vhd" into library synplify
Parsing VHDL file "C:/Xilinx/14.7/ISE_DS/PlanAhead/data/parts/xilinx/rtl/lib/synplify/synattr.vhd" into library synplify
Parsing VHDL file "C:/Users/prestamo/Desktop/Nueva carpeta/ControlServoMotor/LabSemana15/Maquina_Estado.vhd" into library work
Parsing VHDL file "C:/Users/prestamo/Desktop/Nueva carpeta/ControlServoMotor/LabSemana15/debounce.vhd" into library work
Parsing VHDL file "C:/Users/prestamo/Desktop/Nueva carpeta/ControlServoMotor/LabSemana15/clk_div.vhd" into library work
Parsing VHDL file "C:/Users/prestamo/Desktop/Nueva carpeta/ControlServoMotor/LabSemana15/CircuitoVojabes.vhf" into library work
INFO: [Designutils 20-910] Reading macro library C:/Xilinx/14.7/ISE_DS/PlanAhead/data\./parts/xilinx/spartan3e/spartan3e/hd_int_macros.edn
Parsing EDIF File [C:/Xilinx/14.7/ISE_DS/PlanAhead/data\./parts/xilinx/spartan3e/spartan3e/hd_int_macros.edn]
Finished Parsing EDIF File [C:/Xilinx/14.7/ISE_DS/PlanAhead/data\./parts/xilinx/spartan3e/spartan3e/hd_int_macros.edn]
Loading clock regions from C:/Xilinx/14.7/ISE_DS/PlanAhead/data\parts/xilinx/spartan3e/spartan3e/xc3s500e/ClockRegion.xml
Loading clock buffers from C:/Xilinx/14.7/ISE_DS/PlanAhead/data\parts/xilinx/spartan3e/spartan3e/xc3s500e/ClockBuffers.xml
Loading package from C:/Xilinx/14.7/ISE_DS/PlanAhead/data\parts/xilinx/spartan3e/spartan3e/xc3s500e/fg320/Package.xml
Loading io standards from C:/Xilinx/14.7/ISE_DS/PlanAhead/data\./parts/xilinx/spartan3e/IOStandards.xml
INFO: [Device 21-19] Loading pkg sso from C:/Xilinx/14.7/ISE_DS/PlanAhead/data\parts/xilinx/spartan3e/spartan3e/xc3s500e/fg320/SSORules.xml
Loading list of drcs for the architecture : C:/Xilinx/14.7/ISE_DS/PlanAhead/data\./parts/xilinx/spartan3e/spartan3e/drc.xml
INFO: [Timing 38-77] Reading timing library C:/Xilinx/14.7/ISE_DS/PlanAhead/data\parts/xilinx/spartan3e/spartan3e/spartan3e-4.lib.
INFO: [Timing 38-34] Done reading timing library C:/Xilinx/14.7/ISE_DS/PlanAhead/data\parts/xilinx/spartan3e/spartan3e/spartan3e-4.lib.
Parsing UCF File [C:/Users/prestamo/Desktop/Nueva carpeta/ControlServoMotor/LabSemana15/CircuitoVojabes.ucf]
Finished Parsing UCF File [C:/Users/prestamo/Desktop/Nueva carpeta/ControlServoMotor/LabSemana15/CircuitoVojabes.ucf]
INFO: [Project 1-111] Unisim Transformation Summary:
No Unisim elements were transformed.

Phase 0 | Netlist Checksum: 23993da9
open_rtl_design: Time (s): elapsed = 00:00:07 . Memory (MB): peak = 567.523 ; gain = 117.199
update_compile_order -fileset sim_1
set_property pulltype NONE [get_ports [list C]]
set_property pulltype NONE [get_ports [list D]]
startgroup
set_property package_pin A15 [get_ports {ESTADOS[0]}]
endgroup
startgroup
set_property package_pin F9 [get_ports {ESTADOS[2]}]
endgroup
startgroup
set_property package_pin D11 [get_ports {ESTADOS[0]}]
endgroup
startgroup
set_property package_pin H13 [get_ports D]
endgroup
startgroup
set_property package_pin F12 [get_ports CA]
endgroup
startgroup
set_property package_pin A6 [get_ports C]
endgroup
startgroup
set_property package_pin D18 [get_ports D]
endgroup
startgroup
set_property package_pin H13 [get_ports C]
endgroup
startgroup
set_property package_pin A10 [get_ports CA]
endgroup
startgroup
set_property package_pin F12 [get_ports P]
endgroup
save_constraints
exit
ERROR: [Common 17-39] 'stop_gui' failed due to earlier errors.
INFO: [Common 17-206] Exiting PlanAhead at Thu Nov 19 17:06:14 2020...
INFO: [Common 17-83] Releasing license: PlanAhead
